<?xml version="1.0" encoding="UTF-8"?>
<Site BuildName="Win32-MSBuild"
	BuildStamp="20240423-0949-Experimental"
	Name="Pc-de-Chlo[NON-UTF-8-BYTE-0xE9]"
	Generator="ctest-3.29.2"
	CompilerName="C:/Program Files/Microsoft Visual Studio/2022/Community/VC/Tools/MSVC/14.36.32532/bin/Hostx86/x64/cl.exe"
	CompilerVersion="19.36.32543.0"
	OSName="Windows"
	Hostname="Pc-de-Chlo[NON-UTF-8-BYTE-0xE9]"
	OSRelease=" Professional"
	OSVersion=" (Build 22631)"
	OSPlatform="AMD64"
	Is64Bits="1"
	VendorString="GenuineIntel"
	VendorID="Intel Corporation"
	FamilyID="6"
	ModelID="14"
	ProcessorCacheSize="-1"
	NumberOfLogicalCPU="8"
	NumberOfPhysicalCPU="4"
	TotalVirtualMemory="34534"
	TotalPhysicalMemory="32486"
	LogicalProcessorsPerPhysical="2"
	ProcessorClockFrequency="2304"
	>
	<Testing>
		<StartDateTime>Apr 23 18:51 Tokyo</StartDateTime>
		<StartTestTime>1713865860</StartTestTime>
		<TestList/>
		<EndDateTime>Apr 23 18:51 Tokyo</EndDateTime>
		<EndTestTime>1713865860</EndTestTime>
		<ElapsedMinutes>0</ElapsedMinutes>
	</Testing>
</Site>
